

2016-12-15 14:36:02 - Python Gateway Script Status Check Script Started 
2016-12-15 14:36:02 - Python Gateway Script is running
The PID is: 1976
 1976 pts/3    S      0:03 python /var/www/cron/serialgw.py
2016-12-15 14:36:02 - Python Gateway Script Status Check Script Ended 
***************************************************************************

2016-12-15 14:38:01 - Python Gateway Script Status Check Script Started 
2016-12-15 14:38:01 - Python Gateway Script is running
The PID is: 1976
 1976 pts/3    S      0:04 python /var/www/cron/serialgw.py
2016-12-15 14:38:01 - Python Gateway Script Status Check Script Ended 
***************************************************************************

2016-12-15 14:40:02 - Python Gateway Script Status Check Script Started 
2016-12-15 14:40:02 - Python Gateway Script Not running
2016-12-15 14:40:02 - Starting Python Gateway Script 
2016-12-15 14:40:02 - Python Gateway Script Status Check Script Ended 
***************************************************************************

2016-12-15 14:42:01 - Python Gateway Script Status Check Script Started 
2016-12-15 14:42:02 - Python Gateway Script is running
The PID is: 2275
 2275 ?        S      0:01 python /var/www/cron/serialgw.py
2016-12-15 14:42:02 - Python Gateway Script Status Check Script Ended 
***************************************************************************

2016-12-15 14:44:02 - Python Gateway Script Status Check Script Started 
2016-12-15 14:44:02 - Python Gateway Script is running
The PID is: 2275
 2275 ?        S      0:02 python /var/www/cron/serialgw.py
2016-12-15 14:44:02 - Python Gateway Script Status Check Script Ended 
***************************************************************************

2016-12-15 14:46:01 - Python Gateway Script Status Check Script Started 
2016-12-15 14:46:01 - Python Gateway Script is running
The PID is: 2275
 2275 ?        S      0:02 python /var/www/cron/serialgw.py
2016-12-15 14:46:01 - Python Gateway Script Status Check Script Ended 
***************************************************************************
