sh: 0: Can't open /var/www/cron/reboot_wifi.sh
sh: 0: Can't open /var/www/cron/reboot_wifi.sh
TERM environment variable not set.
  _____    _   _    _                            
 |  __ \  (_) | |  | |                           
 | |__) |  _  | |__| |   ___    _ __ ___     ___ 
 |  ___/  | | |  __  |  / _ \  | |_  \_ \   / _ \ 
 | |      | | | |  | | | (_) | | | | | | | |  __/
 |_|      |_| |_|  |_|  \___/  |_| |_| |_|  \___|
 
    S M A R T   H E A T I N G   C O N T R O L 
*************************************************************************
* PiHome is Raspberry Pi based Central Heating Control systems. It runs *
* from web interface and it comes with ABSOLUTELY NO WARRANTY, to the   *
* extent permitted by applicable law. I take no responsibility for any  *
* loss or damage to you or your property.                               *
* DO NOT MAKE ANY CHANGES TO YOUR HEATING SYSTEM UNTIL UNLESS YOU KNOW  *
* WHAT YOU ARE DOING                                                    *
*************************************************************************

                                                           Have Fun - PiHome
Fri 30 Mar 22:42:01 UTC 2018
 - Auto Reconnect Wi-Fi Status for wlan0 Script Started 

Fri 30 Mar 22:42:03 UTC 2018

 - Auto Reconnect Wi-Fi Status for wlan0 Script Ended 
TERM environment variable not set.
  _____    _   _    _                            
 |  __ \  (_) | |  | |                           
 | |__) |  _  | |__| |   ___    _ __ ___     ___ 
 |  ___/  | | |  __  |  / _ \  | |_  \_ \   / _ \ 
 | |      | | | |  | | | (_) | | | | | | | |  __/
 |_|      |_| |_|  |_|  \___/  |_| |_| |_|  \___|
 
    S M A R T   H E A T I N G   C O N T R O L 
*************************************************************************
* PiHome is Raspberry Pi based Central Heating Control systems. It runs *
* from web interface and it comes with ABSOLUTELY NO WARRANTY, to the   *
* extent permitted by applicable law. I take no responsibility for any  *
* loss or damage to you or your property.                               *
* DO NOT MAKE ANY CHANGES TO YOUR HEATING SYSTEM UNTIL UNLESS YOU KNOW  *
* WHAT YOU ARE DOING                                                    *
*************************************************************************

                                                           Have Fun - PiHome
Fri 30 Mar 23:44:01 IST 2018
 - Auto Reconnect Wi-Fi Status for wlan0 Script Started 

Fri 30 Mar 23:44:03 IST 2018

 - Auto Reconnect Wi-Fi Status for wlan0 Script Ended 
TERM environment variable not set.
  _____    _   _    _                            
 |  __ \  (_) | |  | |                           
 | |__) |  _  | |__| |   ___    _ __ ___     ___ 
 |  ___/  | | |  __  |  / _ \  | |_  \_ \   / _ \ 
 | |      | | | |  | | | (_) | | | | | | | |  __/
 |_|      |_| |_|  |_|  \___/  |_| |_| |_|  \___|
 
    S M A R T   H E A T I N G   C O N T R O L 
*************************************************************************
* PiHome is Raspberry Pi based Central Heating Control systems. It runs *
* from web interface and it comes with ABSOLUTELY NO WARRANTY, to the   *
* extent permitted by applicable law. I take no responsibility for any  *
* loss or damage to you or your property.                               *
* DO NOT MAKE ANY CHANGES TO YOUR HEATING SYSTEM UNTIL UNLESS YOU KNOW  *
* WHAT YOU ARE DOING                                                    *
*************************************************************************

                                                           Have Fun - PiHome
Fri 30 Mar 23:46:09 IST 2018
 - Auto Reconnect Wi-Fi Status for wlan0 Script Started 

Fri 30 Mar 23:46:11 IST 2018

 - Auto Reconnect Wi-Fi Status for wlan0 Script Ended 
TERM environment variable not set.
  _____    _   _    _                            
 |  __ \  (_) | |  | |                           
 | |__) |  _  | |__| |   ___    _ __ ___     ___ 
 |  ___/  | | |  __  |  / _ \  | |_  \_ \   / _ \ 
 | |      | | | |  | | | (_) | | | | | | | |  __/
 |_|      |_| |_|  |_|  \___/  |_| |_| |_|  \___|
 
    S M A R T   H E A T I N G   C O N T R O L 
*************************************************************************
* PiHome is Raspberry Pi based Central Heating Control systems. It runs *
* from web interface and it comes with ABSOLUTELY NO WARRANTY, to the   *
* extent permitted by applicable law. I take no responsibility for any  *
* loss or damage to you or your property.                               *
* DO NOT MAKE ANY CHANGES TO YOUR HEATING SYSTEM UNTIL UNLESS YOU KNOW  *
* WHAT YOU ARE DOING                                                    *
*************************************************************************

                                                           Have Fun - PiHome
Fri 30 Mar 23:48:01 IST 2018
 - Auto Reconnect Wi-Fi Status for wlan0 Script Started 

Fri 30 Mar 23:48:03 IST 2018

 - Auto Reconnect Wi-Fi Status for wlan0 Script Ended 
TERM environment variable not set.
  _____    _   _    _                            
 |  __ \  (_) | |  | |                           
 | |__) |  _  | |__| |   ___    _ __ ___     ___ 
 |  ___/  | | |  __  |  / _ \  | |_  \_ \   / _ \ 
 | |      | | | |  | | | (_) | | | | | | | |  __/
 |_|      |_| |_|  |_|  \___/  |_| |_| |_|  \___|
 
    S M A R T   H E A T I N G   C O N T R O L 
*************************************************************************
* PiHome is Raspberry Pi based Central Heating Control systems. It runs *
* from web interface and it comes with ABSOLUTELY NO WARRANTY, to the   *
* extent permitted by applicable law. I take no responsibility for any  *
* loss or damage to you or your property.                               *
* DO NOT MAKE ANY CHANGES TO YOUR HEATING SYSTEM UNTIL UNLESS YOU KNOW  *
* WHAT YOU ARE DOING                                                    *
*************************************************************************

                                                           Have Fun - PiHome
Fri 30 Mar 23:50:01 IST 2018
 - Auto Reconnect Wi-Fi Status for wlan0 Script Started 

Fri 30 Mar 23:50:03 IST 2018

 - Auto Reconnect Wi-Fi Status for wlan0 Script Ended 
TERM environment variable not set.
  _____    _   _    _                            
 |  __ \  (_) | |  | |                           
 | |__) |  _  | |__| |   ___    _ __ ___     ___ 
 |  ___/  | | |  __  |  / _ \  | |_  \_ \   / _ \ 
 | |      | | | |  | | | (_) | | | | | | | |  __/
 |_|      |_| |_|  |_|  \___/  |_| |_| |_|  \___|
 
    S M A R T   H E A T I N G   C O N T R O L 
*************************************************************************
* PiHome is Raspberry Pi based Central Heating Control systems. It runs *
* from web interface and it comes with ABSOLUTELY NO WARRANTY, to the   *
* extent permitted by applicable law. I take no responsibility for any  *
* loss or damage to you or your property.                               *
* DO NOT MAKE ANY CHANGES TO YOUR HEATING SYSTEM UNTIL UNLESS YOU KNOW  *
* WHAT YOU ARE DOING                                                    *
*************************************************************************

                                                           Have Fun - PiHome
Fri 30 Mar 23:52:01 IST 2018
 - Auto Reconnect Wi-Fi Status for wlan0 Script Started 

Fri 30 Mar 23:52:03 IST 2018

 - Auto Reconnect Wi-Fi Status for wlan0 Script Ended 
TERM environment variable not set.
  _____    _   _    _                            
 |  __ \  (_) | |  | |                           
 | |__) |  _  | |__| |   ___    _ __ ___     ___ 
 |  ___/  | | |  __  |  / _ \  | |_  \_ \   / _ \ 
 | |      | | | |  | | | (_) | | | | | | | |  __/
 |_|      |_| |_|  |_|  \___/  |_| |_| |_|  \___|
 
    S M A R T   H E A T I N G   C O N T R O L 
*************************************************************************
* PiHome is Raspberry Pi based Central Heating Control systems. It runs *
* from web interface and it comes with ABSOLUTELY NO WARRANTY, to the   *
* extent permitted by applicable law. I take no responsibility for any  *
* loss or damage to you or your property.                               *
* DO NOT MAKE ANY CHANGES TO YOUR HEATING SYSTEM UNTIL UNLESS YOU KNOW  *
* WHAT YOU ARE DOING                                                    *
*************************************************************************

                                                           Have Fun - PiHome
Fri 30 Mar 23:54:01 IST 2018
 - Auto Reconnect Wi-Fi Status for wlan0 Script Started 

Fri 30 Mar 23:54:03 IST 2018

 - Auto Reconnect Wi-Fi Status for wlan0 Script Ended 
TERM environment variable not set.
  _____    _   _    _                            
 |  __ \  (_) | |  | |                           
 | |__) |  _  | |__| |   ___    _ __ ___     ___ 
 |  ___/  | | |  __  |  / _ \  | |_  \_ \   / _ \ 
 | |      | | | |  | | | (_) | | | | | | | |  __/
 |_|      |_| |_|  |_|  \___/  |_| |_| |_|  \___|
 
    S M A R T   H E A T I N G   C O N T R O L 
*************************************************************************
* PiHome is Raspberry Pi based Central Heating Control systems. It runs *
* from web interface and it comes with ABSOLUTELY NO WARRANTY, to the   *
* extent permitted by applicable law. I take no responsibility for any  *
* loss or damage to you or your property.                               *
* DO NOT MAKE ANY CHANGES TO YOUR HEATING SYSTEM UNTIL UNLESS YOU KNOW  *
* WHAT YOU ARE DOING                                                    *
*************************************************************************

                                                           Have Fun - PiHome
Fri 30 Mar 23:56:01 IST 2018
 - Auto Reconnect Wi-Fi Status for wlan0 Script Started 

Fri 30 Mar 23:56:03 IST 2018

 - Auto Reconnect Wi-Fi Status for wlan0 Script Ended 
TERM environment variable not set.
  _____    _   _    _                            
 |  __ \  (_) | |  | |                           
 | |__) |  _  | |__| |   ___    _ __ ___     ___ 
 |  ___/  | | |  __  |  / _ \  | |_  \_ \   / _ \ 
 | |      | | | |  | | | (_) | | | | | | | |  __/
 |_|      |_| |_|  |_|  \___/  |_| |_| |_|  \___|
 
    S M A R T   H E A T I N G   C O N T R O L 
*************************************************************************
* PiHome is Raspberry Pi based Central Heating Control systems. It runs *
* from web interface and it comes with ABSOLUTELY NO WARRANTY, to the   *
* extent permitted by applicable law. I take no responsibility for any  *
* loss or damage to you or your property.                               *
* DO NOT MAKE ANY CHANGES TO YOUR HEATING SYSTEM UNTIL UNLESS YOU KNOW  *
* WHAT YOU ARE DOING                                                    *
*************************************************************************

                                                           Have Fun - PiHome
Fri 30 Mar 23:58:01 IST 2018
 - Auto Reconnect Wi-Fi Status for wlan0 Script Started 

Fri 30 Mar 23:58:03 IST 2018

 - Auto Reconnect Wi-Fi Status for wlan0 Script Ended 
TERM environment variable not set.
  _____    _   _    _                            
 |  __ \  (_) | |  | |                           
 | |__) |  _  | |__| |   ___    _ __ ___     ___ 
 |  ___/  | | |  __  |  / _ \  | |_  \_ \   / _ \ 
 | |      | | | |  | | | (_) | | | | | | | |  __/
 |_|      |_| |_|  |_|  \___/  |_| |_| |_|  \___|
 
    S M A R T   H E A T I N G   C O N T R O L 
*************************************************************************
* PiHome is Raspberry Pi based Central Heating Control systems. It runs *
* from web interface and it comes with ABSOLUTELY NO WARRANTY, to the   *
* extent permitted by applicable law. I take no responsibility for any  *
* loss or damage to you or your property.                               *
* DO NOT MAKE ANY CHANGES TO YOUR HEATING SYSTEM UNTIL UNLESS YOU KNOW  *
* WHAT YOU ARE DOING                                                    *
*************************************************************************

                                                           Have Fun - PiHome
Sat 31 Mar 00:00:01 IST 2018
 - Auto Reconnect Wi-Fi Status for wlan0 Script Started 

Sat 31 Mar 00:00:03 IST 2018

 - Auto Reconnect Wi-Fi Status for wlan0 Script Ended 
TERM environment variable not set.
  _____    _   _    _                            
 |  __ \  (_) | |  | |                           
 | |__) |  _  | |__| |   ___    _ __ ___     ___ 
 |  ___/  | | |  __  |  / _ \  | |_  \_ \   / _ \ 
 | |      | | | |  | | | (_) | | | | | | | |  __/
 |_|      |_| |_|  |_|  \___/  |_| |_| |_|  \___|
 
    S M A R T   H E A T I N G   C O N T R O L 
*************************************************************************
* PiHome is Raspberry Pi based Central Heating Control systems. It runs *
* from web interface and it comes with ABSOLUTELY NO WARRANTY, to the   *
* extent permitted by applicable law. I take no responsibility for any  *
* loss or damage to you or your property.                               *
* DO NOT MAKE ANY CHANGES TO YOUR HEATING SYSTEM UNTIL UNLESS YOU KNOW  *
* WHAT YOU ARE DOING                                                    *
*************************************************************************

                                                           Have Fun - PiHome
Sat 31 Mar 00:02:08 IST 2018
 - Auto Reconnect Wi-Fi Status for wlan0 Script Started 

Sat 31 Mar 00:02:10 IST 2018

 - Auto Reconnect Wi-Fi Status for wlan0 Script Ended 
TERM environment variable not set.
  _____    _   _    _                            
 |  __ \  (_) | |  | |                           
 | |__) |  _  | |__| |   ___    _ __ ___     ___ 
 |  ___/  | | |  __  |  / _ \  | |_  \_ \   / _ \ 
 | |      | | | |  | | | (_) | | | | | | | |  __/
 |_|      |_| |_|  |_|  \___/  |_| |_| |_|  \___|
 
    S M A R T   H E A T I N G   C O N T R O L 
*************************************************************************
* PiHome is Raspberry Pi based Central Heating Control systems. It runs *
* from web interface and it comes with ABSOLUTELY NO WARRANTY, to the   *
* extent permitted by applicable law. I take no responsibility for any  *
* loss or damage to you or your property.                               *
* DO NOT MAKE ANY CHANGES TO YOUR HEATING SYSTEM UNTIL UNLESS YOU KNOW  *
* WHAT YOU ARE DOING                                                    *
*************************************************************************

                                                           Have Fun - PiHome
Sat 31 Mar 00:04:01 IST 2018
 - Auto Reconnect Wi-Fi Status for wlan0 Script Started 

Sat 31 Mar 00:04:05 IST 2018

 - Auto Reconnect Wi-Fi Status for wlan0 Script Ended 
TERM environment variable not set.
  _____    _   _    _                            
 |  __ \  (_) | |  | |                           
 | |__) |  _  | |__| |   ___    _ __ ___     ___ 
 |  ___/  | | |  __  |  / _ \  | |_  \_ \   / _ \ 
 | |      | | | |  | | | (_) | | | | | | | |  __/
 |_|      |_| |_|  |_|  \___/  |_| |_| |_|  \___|
 
    S M A R T   H E A T I N G   C O N T R O L 
*************************************************************************
* PiHome is Raspberry Pi based Central Heating Control systems. It runs *
* from web interface and it comes with ABSOLUTELY NO WARRANTY, to the   *
* extent permitted by applicable law. I take no responsibility for any  *
* loss or damage to you or your property.                               *
* DO NOT MAKE ANY CHANGES TO YOUR HEATING SYSTEM UNTIL UNLESS YOU KNOW  *
* WHAT YOU ARE DOING                                                    *
*************************************************************************

                                                           Have Fun - PiHome
Sat 31 Mar 00:06:01 IST 2018
 - Auto Reconnect Wi-Fi Status for wlan0 Script Started 

Sat 31 Mar 00:06:03 IST 2018

 - Auto Reconnect Wi-Fi Status for wlan0 Script Ended 
TERM environment variable not set.
  _____    _   _    _                            
 |  __ \  (_) | |  | |                           
 | |__) |  _  | |__| |   ___    _ __ ___     ___ 
 |  ___/  | | |  __  |  / _ \  | |_  \_ \   / _ \ 
 | |      | | | |  | | | (_) | | | | | | | |  __/
 |_|      |_| |_|  |_|  \___/  |_| |_| |_|  \___|
 
    S M A R T   H E A T I N G   C O N T R O L 
*************************************************************************
* PiHome is Raspberry Pi based Central Heating Control systems. It runs *
* from web interface and it comes with ABSOLUTELY NO WARRANTY, to the   *
* extent permitted by applicable law. I take no responsibility for any  *
* loss or damage to you or your property.                               *
* DO NOT MAKE ANY CHANGES TO YOUR HEATING SYSTEM UNTIL UNLESS YOU KNOW  *
* WHAT YOU ARE DOING                                                    *
*************************************************************************

                                                           Have Fun - PiHome
Sat 31 Mar 00:08:01 IST 2018
 - Auto Reconnect Wi-Fi Status for wlan0 Script Started 

Sat 31 Mar 00:08:03 IST 2018

 - Auto Reconnect Wi-Fi Status for wlan0 Script Ended 
